Vocab size: 8,192
Model config: {'sequence_len': 2048, 'vocab_size': 8192, 'n_layer': 9, 'n_head': 5, 'n_kv_head': 5, 'n_embd': 640, 'window_pattern': 'SSSSSSLLL'}
Parameter counts:
  wte                     : 5,242,880
  value_embeds            : 26,214,400
  lm_head                 : 5,242,880
  transformer_matrices    : 44,237,600
  scalars                 : 18
  total                   : 80,937,778
Estimated FLOPs per token: 3.617635e+08
Scaling AdamW LRs by 1/sqrt(640/768) = 1.095445
Time budget: 300s
Gradient accumulation steps: 1

step 00000 (0.0%) | loss: 9.011345 | lrm: 1.00 | dt: 23979ms | tok/sec: 10,932 | mfu: 0.4% | epoch: 1 | remaining: 300s    
step 00001 (0.0%) | loss: 8.845531 | lrm: 1.00 | dt: 387ms | tok/sec: 677,993 | mfu: 24.8% | epoch: 1 | remaining: 300s    
step 00002 (0.0%) | loss: 8.436906 | lrm: 1.00 | dt: 407ms | tok/sec: 643,507 | mfu: 23.5% | epoch: 1 | remaining: 300s    
step 00003 (0.0%) | loss: 7.966297 | lrm: 1.00 | dt: 486ms | tok/sec: 539,778 | mfu: 19.7% | epoch: 1 | remaining: 300s    
step 00004 (0.0%) | loss: 7.586471 | lrm: 1.00 | dt: 430ms | tok/sec: 609,750 | mfu: 22.3% | epoch: 1 | remaining: 300s    
step 00005 (0.0%) | loss: 7.255511 | lrm: 1.00 | dt: 473ms | tok/sec: 554,351 | mfu: 20.3% | epoch: 1 | remaining: 300s    
step 00006 (0.0%) | loss: 7.005988 | lrm: 1.00 | dt: 439ms | tok/sec: 597,251 | mfu: 21.8% | epoch: 1 | remaining: 300s    
step 00007 (0.0%) | loss: 6.803544 | lrm: 1.00 | dt: 459ms | tok/sec: 570,794 | mfu: 20.9% | epoch: 1 | remaining: 300s    
step 00008 (0.0%) | loss: 6.632407 | lrm: 1.00 | dt: 446ms | tok/sec: 587,954 | mfu: 21.5% | epoch: 1 | remaining: 300s    
step 00009 (0.0%) | loss: 6.487732 | lrm: 1.00 | dt: 451ms | tok/sec: 580,767 | mfu: 21.2% | epoch: 1 | remaining: 300s    
step 00010 (0.0%) | loss: 6.367878 | lrm: 1.00 | dt: 454ms | tok/sec: 577,077 | mfu: 21.1% | epoch: 1 | remaining: 300s    
step 00011 (0.0%) | loss: 6.261905 | lrm: 1.00 | dt: 446ms | tok/sec: 588,027 | mfu: 21.5% | epoch: 1 | remaining: 300s    
step 00012 (0.1%) | loss: 6.166564 | lrm: 1.00 | dt: 456ms | tok/sec: 574,661 | mfu: 21.0% | epoch: 1 | remaining: 299s    
step 00013 (0.3%) | loss: 6.086189 | lrm: 1.00 | dt: 450ms | tok/sec: 582,245 | mfu: 21.3% | epoch: 1 | remaining: 299s    
step 00014 (0.5%) | loss: 6.015103 | lrm: 1.00 | dt: 454ms | tok/sec: 576,992 | mfu: 21.1% | epoch: 1 | remaining: 298s    
step 00015 (0.6%) | loss: 5.949343 | lrm: 1.00 | dt: 452ms | tok/sec: 580,602 | mfu: 21.2% | epoch: 1 | remaining: 298s    
step 00016 (0.8%) | loss: 5.890437 | lrm: 1.00 | dt: 464ms | tok/sec: 564,456 | mfu: 20.6% | epoch: 1 | remaining: 297s    
step 00017 (0.9%) | loss: 5.833401 | lrm: 1.00 | dt: 458ms | tok/sec: 572,246 | mfu: 20.9% | epoch: 1 | remaining: 297s    
step 00018 (1.1%) | loss: 5.783144 | lrm: 1.00 | dt: 461ms | tok/sec: 568,628 | mfu: 20.8% | epoch: 1 | remaining: 296s    
step 00019 (1.2%) | loss: 5.735718 | lrm: 1.00 | dt: 459ms | tok/sec: 571,379 | mfu: 20.9% | epoch: 1 | remaining: 296s    
step 00020 (1.4%) | loss: 5.690674 | lrm: 1.00 | dt: 460ms | tok/sec: 570,430 | mfu: 20.9% | epoch: 1 | remaining: 295s    
step 00021 (1.5%) | loss: 5.649569 | lrm: 1.00 | dt: 461ms | tok/sec: 569,196 | mfu: 20.8% | epoch: 1 | remaining: 295s    
step 00022 (1.7%) | loss: 5.612745 | lrm: 1.00 | dt: 462ms | tok/sec: 567,823 | mfu: 20.8% | epoch: 1 | remaining: 295s    
step 00023 (1.8%) | loss: 5.576638 | lrm: 1.00 | dt: 459ms | tok/sec: 571,281 | mfu: 20.9% | epoch: 1 | remaining: 294s    
step 00024 (2.0%) | loss: 5.542369 | lrm: 1.00 | dt: 461ms | tok/sec: 568,286 | mfu: 20.8% | epoch: 1 | remaining: 294s    
step 00025 (2.1%) | loss: 5.507625 | lrm: 1.00 | dt: 458ms | tok/sec: 572,727 | mfu: 20.9% | epoch: 1 | remaining: 293s    
step 00026 (2.3%) | loss: 5.473434 | lrm: 1.00 | dt: 461ms | tok/sec: 568,739 | mfu: 20.8% | epoch: 1 | remaining: 293s    
step 00027 (2.4%) | loss: 5.440308 | lrm: 1.00 | dt: 461ms | tok/sec: 568,070 | mfu: 20.8% | epoch: 1 | remaining: 292s    
step 00028 (2.6%) | loss: 5.410989 | lrm: 1.00 | dt: 458ms | tok/sec: 572,903 | mfu: 20.9% | epoch: 1 | remaining: 292s    
step 00029 (2.7%) | loss: 5.381531 | lrm: 1.00 | dt: 462ms | tok/sec: 566,817 | mfu: 20.7% | epoch: 1 | remaining: 291s    
step 00030 (2.9%) | loss: 5.349018 | lrm: 1.00 | dt: 458ms | tok/sec: 572,781 | mfu: 20.9% | epoch: 1 | remaining: 291s    
step 00031 (3.1%) | loss: 5.319944 | lrm: 1.00 | dt: 461ms | tok/sec: 568,573 | mfu: 20.8% | epoch: 1 | remaining: 290s    
step 00032 (3.2%) | loss: 5.291894 | lrm: 1.00 | dt: 461ms | tok/sec: 568,789 | mfu: 20.8% | epoch: 1 | remaining: 290s    
step 00033 (3.4%) | loss: 5.264459 | lrm: 1.00 | dt: 459ms | tok/sec: 570,936 | mfu: 20.9% | epoch: 1 | remaining: 289s    
step 00034 (3.5%) | loss: 5.236511 | lrm: 1.00 | dt: 460ms | tok/sec: 569,525 | mfu: 20.8% | epoch: 1 | remaining: 289s    
step 00035 (3.7%) | loss: 5.208085 | lrm: 1.00 | dt: 459ms | tok/sec: 570,908 | mfu: 20.9% | epoch: 1 | remaining: 289s    
step 00036 (3.8%) | loss: 5.180508 | lrm: 1.00 | dt: 461ms | tok/sec: 568,721 | mfu: 20.8% | epoch: 1 | remaining: 288s    
step 00037 (4.0%) | loss: 5.153736 | lrm: 1.00 | dt: 460ms | tok/sec: 569,428 | mfu: 20.8% | epoch: 1 | remaining: 288s    
step 00038 (4.1%) | loss: 5.125334 | lrm: 1.00 | dt: 458ms | tok/sec: 572,380 | mfu: 20.9% | epoch: 1 | remaining: 287s    
step 00039 (4.3%) | loss: 5.097016 | lrm: 1.00 | dt: 461ms | tok/sec: 568,596 | mfu: 20.8% | epoch: 1 | remaining: 287s    
step 00040 (4.4%) | loss: 5.072161 | lrm: 1.00 | dt: 457ms | tok/sec: 574,167 | mfu: 21.0% | epoch: 1 | remaining: 286s    
step 00041 (4.6%) | loss: 5.043739 | lrm: 1.00 | dt: 458ms | tok/sec: 572,534 | mfu: 20.9% | epoch: 1 | remaining: 286s    
step 00042 (4.7%) | loss: 5.019630 | lrm: 1.00 | dt: 461ms | tok/sec: 568,705 | mfu: 20.8% | epoch: 1 | remaining: 285s    
step 00043 (4.9%) | loss: 4.991554 | lrm: 1.00 | dt: 458ms | tok/sec: 571,998 | mfu: 20.9% | epoch: 1 | remaining: 285s    
step 00044 (5.0%) | loss: 4.965708 | lrm: 1.00 | dt: 461ms | tok/sec: 569,080 | mfu: 20.8% | epoch: 1 | remaining: 284s    
step 00045 (5.2%) | loss: 4.941708 | lrm: 1.00 | dt: 453ms | tok/sec: 579,136 | mfu: 21.2% | epoch: 1 | remaining: 284s    
step 00046 (5.3%) | loss: 4.915701 | lrm: 1.00 | dt: 452ms | tok/sec: 579,392 | mfu: 21.2% | epoch: 1 | remaining: 283s    
step 00047 (5.5%) | loss: 4.888927 | lrm: 1.00 | dt: 454ms | tok/sec: 576,926 | mfu: 21.1% | epoch: 1 | remaining: 283s    
step 00048 (5.7%) | loss: 4.864050 | lrm: 1.00 | dt: 455ms | tok/sec: 576,354 | mfu: 21.1% | epoch: 1 | remaining: 283s    
step 00049 (5.8%) | loss: 4.835388 | lrm: 1.00 | dt: 452ms | tok/sec: 580,592 | mfu: 21.2% | epoch: 1 | remaining: 282s    
step 00050 (6.0%) | loss: 4.813843 | lrm: 1.00 | dt: 457ms | tok/sec: 573,071 | mfu: 21.0% | epoch: 1 | remaining: 282s    
step 00051 (6.1%) | loss: 4.787644 | lrm: 1.00 | dt: 460ms | tok/sec: 569,267 | mfu: 20.8% | epoch: 1 | remaining: 281s    
step 00052 (6.3%) | loss: 4.764568 | lrm: 1.00 | dt: 457ms | tok/sec: 573,763 | mfu: 21.0% | epoch: 1 | remaining: 281s    
step 00053 (6.4%) | loss: 4.742190 | lrm: 1.00 | dt: 461ms | tok/sec: 568,509 | mfu: 20.8% | epoch: 1 | remaining: 280s    
step 00054 (6.6%) | loss: 4.717585 | lrm: 1.00 | dt: 458ms | tok/sec: 572,205 | mfu: 20.9% | epoch: 1 | remaining: 280s    
step 00055 (6.7%) | loss: 4.698152 | lrm: 1.00 | dt: 458ms | tok/sec: 572,304 | mfu: 20.9% | epoch: 1 | remaining: 279s    
step 00056 (6.9%) | loss: 4.676959 | lrm: 1.00 | dt: 460ms | tok/sec: 569,815 | mfu: 20.8% | epoch: 1 | remaining: 279s    
step 00057 (7.0%) | loss: 4.655121 | lrm: 1.00 | dt: 460ms | tok/sec: 570,035 | mfu: 20.8% | epoch: 1 | remaining: 278s    
step 00058 (7.2%) | loss: 4.633147 | lrm: 1.00 | dt: 458ms | tok/sec: 572,895 | mfu: 20.9% | epoch: 1 | remaining: 278s    
step 00059 (7.3%) | loss: 4.611053 | lrm: 1.00 | dt: 454ms | tok/sec: 577,257 | mfu: 21.1% | epoch: 1 | remaining: 278s    
step 00060 (7.5%) | loss: 4.590744 | lrm: 1.00 | dt: 454ms | tok/sec: 577,305 | mfu: 21.1% | epoch: 1 | remaining: 277s    
step 00061 (7.6%) | loss: 4.566129 | lrm: 1.00 | dt: 457ms | tok/sec: 573,988 | mfu: 21.0% | epoch: 1 | remaining: 277s    
step 00062 (7.8%) | loss: 4.543246 | lrm: 1.00 | dt: 459ms | tok/sec: 571,542 | mfu: 20.9% | epoch: 1 | remaining: 276s    
step 00063 (7.9%) | loss: 4.520015 | lrm: 1.00 | dt: 463ms | tok/sec: 565,874 | mfu: 20.7% | epoch: 1 | remaining: 276s    
step 00064 (8.1%) | loss: 4.497506 | lrm: 1.00 | dt: 458ms | tok/sec: 572,617 | mfu: 20.9% | epoch: 1 | remaining: 275s    
step 00065 (8.2%) | loss: 4.474298 | lrm: 1.00 | dt: 461ms | tok/sec: 568,915 | mfu: 20.8% | epoch: 1 | remaining: 275s    
step 00066 (8.4%) | loss: 4.455595 | lrm: 1.00 | dt: 459ms | tok/sec: 571,162 | mfu: 20.9% | epoch: 1 | remaining: 274s    
step 00067 (8.6%) | loss: 4.435071 | lrm: 1.00 | dt: 459ms | tok/sec: 570,917 | mfu: 20.9% | epoch: 1 | remaining: 274s    
step 00068 (8.7%) | loss: 4.410680 | lrm: 1.00 | dt: 462ms | tok/sec: 567,834 | mfu: 20.8% | epoch: 1 | remaining: 273s    
step 00069 (8.9%) | loss: 4.385719 | lrm: 1.00 | dt: 458ms | tok/sec: 572,435 | mfu: 20.9% | epoch: 1 | remaining: 273s    
step 00070 (9.0%) | loss: 4.361425 | lrm: 1.00 | dt: 461ms | tok/sec: 568,407 | mfu: 20.8% | epoch: 1 | remaining: 273s    
step 00071 (9.2%) | loss: 4.341324 | lrm: 1.00 | dt: 459ms | tok/sec: 571,158 | mfu: 20.9% | epoch: 1 | remaining: 272s    
step 00072 (9.3%) | loss: 4.321011 | lrm: 1.00 | dt: 460ms | tok/sec: 569,444 | mfu: 20.8% | epoch: 1 | remaining: 272s    
step 00073 (9.5%) | loss: 4.300516 | lrm: 1.00 | dt: 460ms | tok/sec: 569,454 | mfu: 20.8% | epoch: 1 | remaining: 271s    
step 00074 (9.6%) | loss: 4.283019 | lrm: 1.00 | dt: 460ms | tok/sec: 569,607 | mfu: 20.8% | epoch: 1 | remaining: 271s    
step 00075 (9.8%) | loss: 4.263014 | lrm: 1.00 | dt: 460ms | tok/sec: 569,911 | mfu: 20.8% | epoch: 1 | remaining: 270s    
step 00076 (9.9%) | loss: 4.242941 | lrm: 1.00 | dt: 460ms | tok/sec: 570,061 | mfu: 20.8% | epoch: 1 | remaining: 270s    
step 00077 (10.1%) | loss: 4.224142 | lrm: 1.00 | dt: 460ms | tok/sec: 569,345 | mfu: 20.8% | epoch: 1 | remaining: 269s    
step 00078 (10.2%) | loss: 4.207927 | lrm: 1.00 | dt: 462ms | tok/sec: 568,000 | mfu: 20.8% | epoch: 1 | remaining: 269s    
step 00079 (10.4%) | loss: 4.190521 | lrm: 1.00 | dt: 459ms | tok/sec: 571,628 | mfu: 20.9% | epoch: 1 | remaining: 268s    
step 00080 (10.5%) | loss: 4.167593 | lrm: 1.00 | dt: 460ms | tok/sec: 569,872 | mfu: 20.8% | epoch: 1 | remaining: 268s    
step 00081 (10.7%) | loss: 4.145731 | lrm: 1.00 | dt: 460ms | tok/sec: 570,114 | mfu: 20.8% | epoch: 1 | remaining: 267s    
step 00082 (10.9%) | loss: 4.121960 | lrm: 1.00 | dt: 460ms | tok/sec: 569,419 | mfu: 20.8% | epoch: 1 | remaining: 267s    
step 00083 (11.0%) | loss: 4.103561 | lrm: 1.00 | dt: 463ms | tok/sec: 566,746 | mfu: 20.7% | epoch: 1 | remaining: 267s    
step 00084 (11.2%) | loss: 4.087343 | lrm: 1.00 | dt: 458ms | tok/sec: 572,619 | mfu: 20.9% | epoch: 1 | remaining: 266s    
step 00085 (11.3%) | loss: 4.070410 | lrm: 1.00 | dt: 460ms | tok/sec: 569,577 | mfu: 20.8% | epoch: 1 | remaining: 266s    
step 00086 (11.5%) | loss: 4.053553 | lrm: 1.00 | dt: 459ms | tok/sec: 571,015 | mfu: 20.9% | epoch: 1 | remaining: 265s    
step 00087 (11.6%) | loss: 4.035634 | lrm: 1.00 | dt: 460ms | tok/sec: 569,448 | mfu: 20.8% | epoch: 1 | remaining: 265s    
step 00088 (11.8%) | loss: 4.013951 | lrm: 1.00 | dt: 461ms | tok/sec: 569,001 | mfu: 20.8% | epoch: 1 | remaining: 264s    
step 00089 (11.9%) | loss: 3.998780 | lrm: 1.00 | dt: 458ms | tok/sec: 571,964 | mfu: 20.9% | epoch: 1 | remaining: 264s    
step 00090 (12.1%) | loss: 3.983032 | lrm: 1.00 | dt: 461ms | tok/sec: 568,127 | mfu: 20.8% | epoch: 1 | remaining: 263s    
step 00091 (12.2%) | loss: 3.970170 | lrm: 1.00 | dt: 459ms | tok/sec: 571,532 | mfu: 20.9% | epoch: 1 | remaining: 263s    
step 00092 (12.4%) | loss: 3.951528 | lrm: 1.00 | dt: 460ms | tok/sec: 569,366 | mfu: 20.8% | epoch: 1 | remaining: 262s    
step 00093 (12.5%) | loss: 3.938456 | lrm: 1.00 | dt: 461ms | tok/sec: 568,243 | mfu: 20.8% | epoch: 1 | remaining: 262s    
step 00094 (12.7%) | loss: 3.921321 | lrm: 1.00 | dt: 457ms | tok/sec: 573,095 | mfu: 21.0% | epoch: 1 | remaining: 261s    
step 00095 (12.8%) | loss: 3.897064 | lrm: 1.00 | dt: 463ms | tok/sec: 566,488 | mfu: 20.7% | epoch: 1 | remaining: 261s    
step 00096 (13.0%) | loss: 3.880859 | lrm: 1.00 | dt: 457ms | tok/sec: 573,487 | mfu: 21.0% | epoch: 1 | remaining: 261s    
step 00097 (13.2%) | loss: 3.872969 | lrm: 1.00 | dt: 462ms | tok/sec: 567,665 | mfu: 20.8% | epoch: 1 | remaining: 260s    
step 00098 (13.3%) | loss: 3.861562 | lrm: 1.00 | dt: 460ms | tok/sec: 569,895 | mfu: 20.8% | epoch: 1 | remaining: 260s    
step 00099 (13.5%) | loss: 3.848267 | lrm: 1.00 | dt: 458ms | tok/sec: 572,209 | mfu: 20.9% | epoch: 1 | remaining: 259s    
step 00100 (13.6%) | loss: 3.835073 | lrm: 1.00 | dt: 462ms | tok/sec: 567,130 | mfu: 20.7% | epoch: 1 | remaining: 259s    
step 00101 (13.8%) | loss: 3.820895 | lrm: 1.00 | dt: 458ms | tok/sec: 571,786 | mfu: 20.9% | epoch: 1 | remaining: 258s    
step 00102 (13.9%) | loss: 3.808414 | lrm: 1.00 | dt: 460ms | tok/sec: 569,856 | mfu: 20.8% | epoch: 1 | remaining: 258s    
step 00103 (14.1%) | loss: 3.798669 | lrm: 1.00 | dt: 451ms | tok/sec: 580,639 | mfu: 21.2% | epoch: 1 | remaining: 257s    
step 00104 (14.2%) | loss: 3.786703 | lrm: 1.00 | dt: 449ms | tok/sec: 584,412 | mfu: 21.4% | epoch: 1 | remaining: 257s    
step 00105 (14.4%) | loss: 3.774848 | lrm: 1.00 | dt: 457ms | tok/sec: 573,096 | mfu: 21.0% | epoch: 1 | remaining: 256s    
step 00106 (14.5%) | loss: 3.764093 | lrm: 1.00 | dt: 458ms | tok/sec: 572,356 | mfu: 20.9% | epoch: 1 | remaining: 256s    
step 00107 (14.7%) | loss: 3.755630 | lrm: 1.00 | dt: 447ms | tok/sec: 586,660 | mfu: 21.4% | epoch: 1 | remaining: 256s    
step 00108 (14.8%) | loss: 3.748820 | lrm: 1.00 | dt: 456ms | tok/sec: 575,160 | mfu: 21.0% | epoch: 1 | remaining: 255s    
step 00109 (15.0%) | loss: 3.741660 | lrm: 1.00 | dt: 453ms | tok/sec: 578,631 | mfu: 21.2% | epoch: 1 | remaining: 255s    
step 00110 (15.1%) | loss: 3.735284 | lrm: 1.00 | dt: 453ms | tok/sec: 578,713 | mfu: 21.2% | epoch: 1 | remaining: 254s    
step 00111 (15.3%) | loss: 3.725722 | lrm: 1.00 | dt: 453ms | tok/sec: 578,431 | mfu: 21.1% | epoch: 1 | remaining: 254s    
step 00112 (15.4%) | loss: 3.714346 | lrm: 1.00 | dt: 460ms | tok/sec: 570,311 | mfu: 20.9% | epoch: 1 | remaining: 253s    
step 00113 (15.6%) | loss: 3.711167 | lrm: 1.00 | dt: 456ms | tok/sec: 574,443 | mfu: 21.0% | epoch: 1 | remaining: 253s    
step 00114 (15.7%) | loss: 3.702373 | lrm: 1.00 | dt: 449ms | tok/sec: 584,169 | mfu: 21.4% | epoch: 1 | remaining: 252s    
step 00115 (15.9%) | loss: 3.694977 | lrm: 1.00 | dt: 455ms | tok/sec: 575,929 | mfu: 21.1% | epoch: 1 | remaining: 252s    
step 00116 (16.0%) | loss: 3.685217 | lrm: 1.00 | dt: 455ms | tok/sec: 575,733 | mfu: 21.0% | epoch: 1 | remaining: 251s    
step 00117 (16.2%) | loss: 3.675840 | lrm: 1.00 | dt: 449ms | tok/sec: 584,193 | mfu: 21.4% | epoch: 1 | remaining: 251s    
step 00118 (16.3%) | loss: 3.669938 | lrm: 1.00 | dt: 458ms | tok/sec: 571,992 | mfu: 20.9% | epoch: 1 | remaining: 251s    
step 00119 (16.5%) | loss: 3.666196 | lrm: 1.00 | dt: 457ms | tok/sec: 574,065 | mfu: 21.0% | epoch: 1 | remaining: 250s    
step 00120 (16.6%) | loss: 3.656872 | lrm: 1.00 | dt: 451ms | tok/sec: 581,364 | mfu: 21.3% | epoch: 1 | remaining: 250s    
step 00121 (16.8%) | loss: 3.652548 | lrm: 1.00 | dt: 454ms | tok/sec: 577,622 | mfu: 21.1% | epoch: 1 | remaining: 249s    
step 00122 (16.9%) | loss: 3.645730 | lrm: 1.00 | dt: 455ms | tok/sec: 576,615 | mfu: 21.1% | epoch: 1 | remaining: 249s    
step 00123 (17.1%) | loss: 3.637396 | lrm: 1.00 | dt: 461ms | tok/sec: 568,255 | mfu: 20.8% | epoch: 1 | remaining: 248s    
step 00124 (17.3%) | loss: 3.635981 | lrm: 1.00 | dt: 456ms | tok/sec: 575,203 | mfu: 21.0% | epoch: 1 | remaining: 248s    
step 00125 (17.4%) | loss: 3.632121 | lrm: 1.00 | dt: 450ms | tok/sec: 582,087 | mfu: 21.3% | epoch: 1 | remaining: 247s    
step 00126 (17.6%) | loss: 3.624659 | lrm: 1.00 | dt: 453ms | tok/sec: 578,616 | mfu: 21.2% | epoch: 1 | remaining: 247s    
step 00127 (17.7%) | loss: 3.621032 | lrm: 1.00 | dt: 457ms | tok/sec: 573,208 | mfu: 21.0% | epoch: 1 | remaining: 246s    
step 00128 (17.9%) | loss: 3.610692 | lrm: 1.00 | dt: 457ms | tok/sec: 573,214 | mfu: 21.0% | epoch: 1 | remaining: 246s    
step 00129 (18.0%) | loss: 3.605014 | lrm: 1.00 | dt: 450ms | tok/sec: 582,135 | mfu: 21.3% | epoch: 1 | remaining: 246s    
step 00130 (18.2%) | loss: 3.597687 | lrm: 1.00 | dt: 455ms | tok/sec: 575,618 | mfu: 21.0% | epoch: 1 | remaining: 245s    
step 00131 (18.3%) | loss: 3.586239 | lrm: 1.00 | dt: 458ms | tok/sec: 572,273 | mfu: 20.9% | epoch: 1 | remaining: 245s    
step 00132 (18.5%) | loss: 3.583148 | lrm: 1.00 | dt: 462ms | tok/sec: 567,467 | mfu: 20.7% | epoch: 1 | remaining: 244s    
step 00133 (18.6%) | loss: 3.580024 | lrm: 1.00 | dt: 458ms | tok/sec: 572,816 | mfu: 20.9% | epoch: 1 | remaining: 244s    
step 00134 (18.8%) | loss: 3.578708 | lrm: 1.00 | dt: 462ms | tok/sec: 567,917 | mfu: 20.8% | epoch: 1 | remaining: 243s    
step 00135 (18.9%) | loss: 3.574909 | lrm: 1.00 | dt: 459ms | tok/sec: 571,738 | mfu: 20.9% | epoch: 1 | remaining: 243s    
step 00136 (19.1%) | loss: 3.571475 | lrm: 1.00 | dt: 461ms | tok/sec: 569,118 | mfu: 20.8% | epoch: 1 | remaining: 242s    
step 00137 (19.2%) | loss: 3.568530 | lrm: 1.00 | dt: 460ms | tok/sec: 570,419 | mfu: 20.9% | epoch: 1 | remaining: 242s    
step 00138 (19.4%) | loss: 3.565276 | lrm: 1.00 | dt: 457ms | tok/sec: 574,130 | mfu: 21.0% | epoch: 1 | remaining: 241s    
step 00139 (19.5%) | loss: 3.563035 | lrm: 1.00 | dt: 450ms | tok/sec: 582,628 | mfu: 21.3% | epoch: 1 | remaining: 241s    
step 00140 (19.7%) | loss: 3.556576 | lrm: 1.00 | dt: 455ms | tok/sec: 576,628 | mfu: 21.1% | epoch: 1 | remaining: 240s    
step 00141 (19.8%) | loss: 3.551252 | lrm: 1.00 | dt: 461ms | tok/sec: 568,867 | mfu: 20.8% | epoch: 1 | remaining: 240s    
step 00142 (20.0%) | loss: 3.543962 | lrm: 1.00 | dt: 457ms | tok/sec: 573,085 | mfu: 21.0% | epoch: 1 | remaining: 240s    
step 00143 (20.1%) | loss: 3.545173 | lrm: 1.00 | dt: 460ms | tok/sec: 570,293 | mfu: 20.9% | epoch: 1 | remaining: 239s    
step 00144 (20.3%) | loss: 3.532776 | lrm: 1.00 | dt: 461ms | tok/sec: 569,123 | mfu: 20.8% | epoch: 1 | remaining: 239s    
step 00145 (20.4%) | loss: 3.527813 | lrm: 1.00 | dt: 457ms | tok/sec: 573,154 | mfu: 21.0% | epoch: 1 | remaining: 238s    
step 00146 (20.6%) | loss: 3.529941 | lrm: 1.00 | dt: 460ms | tok/sec: 570,428 | mfu: 20.9% | epoch: 1 | remaining: 238s    
step 00147 (20.8%) | loss: 3.520540 | lrm: 1.00 | dt: 449ms | tok/sec: 584,218 | mfu: 21.4% | epoch: 1 | remaining: 237s    
step 00148 (20.9%) | loss: 3.519593 | lrm: 1.00 | dt: 458ms | tok/sec: 572,035 | mfu: 20.9% | epoch: 1 | remaining: 237s    
step 00149 (21.1%) | loss: 3.514269 | lrm: 1.00 | dt: 456ms | tok/sec: 575,425 | mfu: 21.0% | epoch: 1 | remaining: 236s    
step 00150 (21.2%) | loss: 3.511804 | lrm: 1.00 | dt: 462ms | tok/sec: 567,664 | mfu: 20.8% | epoch: 1 | remaining: 236s    
step 00151 (21.4%) | loss: 3.510541 | lrm: 1.00 | dt: 458ms | tok/sec: 572,032 | mfu: 20.9% | epoch: 1 | remaining: 235s    
step 00152 (21.5%) | loss: 3.506059 | lrm: 1.00 | dt: 460ms | tok/sec: 569,617 | mfu: 20.8% | epoch: 1 | remaining: 235s    
step 00153 (21.7%) | loss: 3.503900 | lrm: 1.00 | dt: 461ms | tok/sec: 568,550 | mfu: 20.8% | epoch: 1 | remaining: 235s    
step 00154 (21.8%) | loss: 3.502530 | lrm: 1.00 | dt: 458ms | tok/sec: 571,779 | mfu: 20.9% | epoch: 1 | remaining: 234s    
step 00155 (22.0%) | loss: 3.503644 | lrm: 1.00 | dt: 461ms | tok/sec: 569,069 | mfu: 20.8% | epoch: 1 | remaining: 234s    
step 00156 (22.1%) | loss: 3.505167 | lrm: 1.00 | dt: 459ms | tok/sec: 570,984 | mfu: 20.9% | epoch: 1 | remaining: 233s    
step 00157 (22.3%) | loss: 3.496771 | lrm: 1.00 | dt: 460ms | tok/sec: 569,301 | mfu: 20.8% | epoch: 1 | remaining: 233s    
step 00158 (22.4%) | loss: 3.490189 | lrm: 1.00 | dt: 460ms | tok/sec: 569,407 | mfu: 20.8% | epoch: 1 | remaining: 232s    
step 00159 (22.6%) | loss: 3.485003 | lrm: 1.00 | dt: 459ms | tok/sec: 571,157 | mfu: 20.9% | epoch: 1 | remaining: 232s    
step 00160 (22.7%) | loss: 3.481163 | lrm: 1.00 | dt: 461ms | tok/sec: 568,703 | mfu: 20.8% | epoch: 1 | remaining: 231s    
step 00161 (22.9%) | loss: 3.476523 | lrm: 1.00 | dt: 459ms | tok/sec: 571,534 | mfu: 20.9% | epoch: 1 | remaining: 231s    
step 00162 (23.0%) | loss: 3.473738 | lrm: 1.00 | dt: 460ms | tok/sec: 569,920 | mfu: 20.8% | epoch: 1 | remaining: 230s    
step 00163 (23.2%) | loss: 3.468079 | lrm: 1.00 | dt: 462ms | tok/sec: 567,923 | mfu: 20.8% | epoch: 1 | remaining: 230s    
step 00164 (23.4%) | loss: 3.468092 | lrm: 1.00 | dt: 458ms | tok/sec: 572,632 | mfu: 20.9% | epoch: 1 | remaining: 229s    
step 00165 (23.5%) | loss: 3.464433 | lrm: 1.00 | dt: 462ms | tok/sec: 566,847 | mfu: 20.7% | epoch: 1 | remaining: 229s    
step 00166 (23.7%) | loss: 3.464401 | lrm: 1.00 | dt: 459ms | tok/sec: 571,465 | mfu: 20.9% | epoch: 1 | remaining: 229s    
step 00167 (23.8%) | loss: 3.460813 | lrm: 1.00 | dt: 461ms | tok/sec: 568,778 | mfu: 20.8% | epoch: 1 | remaining: 228s    
step 00168 (24.0%) | loss: 3.456016 | lrm: 1.00 | dt: 459ms | tok/sec: 571,018 | mfu: 20.9% | epoch: 1 | remaining: 228s    
step 00169 (24.1%) | loss: 3.453441 | lrm: 1.00 | dt: 460ms | tok/sec: 570,250 | mfu: 20.8% | epoch: 1 | remaining: 227s    
step 00170 (24.3%) | loss: 3.447915 | lrm: 1.00 | dt: 459ms | tok/sec: 570,577 | mfu: 20.9% | epoch: 1 | remaining: 227s    
step 00171 (24.4%) | loss: 3.451446 | lrm: 1.00 | dt: 459ms | tok/sec: 570,565 | mfu: 20.9% | epoch: 1 | remaining: 226s    
step 00172 (24.6%) | loss: 3.451878 | lrm: 1.00 | dt: 462ms | tok/sec: 567,395 | mfu: 20.7% | epoch: 1 | remaining: 226s    
step 00173 (24.7%) | loss: 3.449998 | lrm: 1.00 | dt: 460ms | tok/sec: 569,991 | mfu: 20.8% | epoch: 1 | remaining: 225s    
step 00174 (24.9%) | loss: 3.446567 | lrm: 1.00 | dt: 459ms | tok/sec: 570,551 | mfu: 20.9% | epoch: 1 | remaining: 225s    
step 00175 (25.0%) | loss: 3.443821 | lrm: 1.00 | dt: 461ms | tok/sec: 569,067 | mfu: 20.8% | epoch: 1 | remaining: 224s    
step 00176 (25.2%) | loss: 3.443644 | lrm: 1.00 | dt: 460ms | tok/sec: 570,249 | mfu: 20.8% | epoch: 1 | remaining: 224s    
step 00177 (25.3%) | loss: 3.436466 | lrm: 1.00 | dt: 459ms | tok/sec: 571,273 | mfu: 20.9% | epoch: 1 | remaining: 223s    
step 00178 (25.5%) | loss: 3.436973 | lrm: 1.00 | dt: 462ms | tok/sec: 567,645 | mfu: 20.8% | epoch: 1 | remaining: 223s    
step 00179 (25.7%) | loss: 3.429979 | lrm: 1.00 | dt: 458ms | tok/sec: 572,107 | mfu: 20.9% | epoch: 1 | remaining: 223s    
step 00180 (25.8%) | loss: 3.425344 | lrm: 1.00 | dt: 460ms | tok/sec: 569,491 | mfu: 20.8% | epoch: 1 | remaining: 222s    
step 00181 (26.0%) | loss: 3.424725 | lrm: 1.00 | dt: 460ms | tok/sec: 569,503 | mfu: 20.8% | epoch: 1 | remaining: 222s    
step 00182 (26.1%) | loss: 3.424576 | lrm: 1.00 | dt: 459ms | tok/sec: 570,687 | mfu: 20.9% | epoch: 1 | remaining: 221s    
step 00183 (26.3%) | loss: 3.420987 | lrm: 1.00 | dt: 461ms | tok/sec: 568,851 | mfu: 20.8% | epoch: 1 | remaining: 221s    
step 00184 (26.4%) | loss: 3.416817 | lrm: 1.00 | dt: 458ms | tok/sec: 572,806 | mfu: 20.9% | epoch: 1 | remaining: 220s    
step 00185 (26.6%) | loss: 3.412304 | lrm: 1.00 | dt: 462ms | tok/sec: 567,660 | mfu: 20.8% | epoch: 1 | remaining: 220s    
step 00186 (26.7%) | loss: 3.412056 | lrm: 1.00 | dt: 460ms | tok/sec: 570,438 | mfu: 20.9% | epoch: 1 | remaining: 219s    
step 00187 (26.9%) | loss: 3.412249 | lrm: 1.00 | dt: 459ms | tok/sec: 571,148 | mfu: 20.9% | epoch: 1 | remaining: 219s    
step 00188 (27.0%) | loss: 3.409735 | lrm: 1.00 | dt: 462ms | tok/sec: 567,862 | mfu: 20.8% | epoch: 1 | remaining: 218s    
step 00189 (27.2%) | loss: 3.408777 | lrm: 1.00 | dt: 458ms | tok/sec: 571,945 | mfu: 20.9% | epoch: 1 | remaining: 218s    
step 00190 (27.3%) | loss: 3.410124 | lrm: 1.00 | dt: 462ms | tok/sec: 567,326 | mfu: 20.7% | epoch: 1 | remaining: 218s    
step 00191 (27.5%) | loss: 3.410096 | lrm: 1.00 | dt: 459ms | tok/sec: 571,479 | mfu: 20.9% | epoch: 1 | remaining: 217s    
step 00192 (27.6%) | loss: 3.411301 | lrm: 1.00 | dt: 460ms | tok/sec: 569,962 | mfu: 20.8% | epoch: 1 | remaining: 217s    
step 00193 (27.8%) | loss: 3.413904 | lrm: 1.00 | dt: 461ms | tok/sec: 568,905 | mfu: 20.8% | epoch: 1 | remaining: 216s    
step 00194 (28.0%) | loss: 3.408613 | lrm: 1.00 | dt: 460ms | tok/sec: 570,437 | mfu: 20.9% | epoch: 1 | remaining: 216s    
step 00195 (28.1%) | loss: 3.402768 | lrm: 1.00 | dt: 459ms | tok/sec: 571,052 | mfu: 20.9% | epoch: 1 | remaining: 215s    
step 00196 (28.3%) | loss: 3.400985 | lrm: 1.00 | dt: 460ms | tok/sec: 570,044 | mfu: 20.8% | epoch: 1 | remaining: 215s    
step 00197 (28.4%) | loss: 3.401933 | lrm: 1.00 | dt: 460ms | tok/sec: 570,495 | mfu: 20.9% | epoch: 1 | remaining: 214s    
step 00198 (28.6%) | loss: 3.397479 | lrm: 1.00 | dt: 462ms | tok/sec: 567,211 | mfu: 20.7% | epoch: 1 | remaining: 214s    
step 00199 (28.7%) | loss: 3.394304 | lrm: 1.00 | dt: 456ms | tok/sec: 574,290 | mfu: 21.0% | epoch: 1 | remaining: 213s    
step 00200 (28.9%) | loss: 3.392509 | lrm: 1.00 | dt: 462ms | tok/sec: 566,903 | mfu: 20.7% | epoch: 1 | remaining: 213s    
step 00201 (29.0%) | loss: 3.391173 | lrm: 1.00 | dt: 459ms | tok/sec: 571,668 | mfu: 20.9% | epoch: 1 | remaining: 212s    
step 00202 (29.2%) | loss: 3.389052 | lrm: 1.00 | dt: 461ms | tok/sec: 568,444 | mfu: 20.8% | epoch: 1 | remaining: 212s    
step 00203 (29.3%) | loss: 3.382346 | lrm: 1.00 | dt: 461ms | tok/sec: 569,143 | mfu: 20.8% | epoch: 1 | remaining: 212s    
step 00204 (29.5%) | loss: 3.376936 | lrm: 1.00 | dt: 459ms | tok/sec: 571,531 | mfu: 20.9% | epoch: 1 | remaining: 211s    
step 00205 (29.6%) | loss: 3.373941 | lrm: 1.00 | dt: 461ms | tok/sec: 569,093 | mfu: 20.8% | epoch: 1 | remaining: 211s    
step 00206 (29.8%) | loss: 3.369831 | lrm: 1.00 | dt: 460ms | tok/sec: 569,600 | mfu: 20.8% | epoch: 1 | remaining: 210s    
step 00207 (29.9%) | loss: 3.369672 | lrm: 1.00 | dt: 459ms | tok/sec: 570,607 | mfu: 20.9% | epoch: 1 | remaining: 210s    
step 00208 (30.1%) | loss: 3.357996 | lrm: 1.00 | dt: 462ms | tok/sec: 567,286 | mfu: 20.7% | epoch: 1 | remaining: 209s    
step 00209 (30.3%) | loss: 3.349917 | lrm: 1.00 | dt: 458ms | tok/sec: 572,001 | mfu: 20.9% | epoch: 1 | remaining: 209s    
step 00210 (30.4%) | loss: 3.346426 | lrm: 1.00 | dt: 461ms | tok/sec: 569,030 | mfu: 20.8% | epoch: 1 | remaining: 208s    
step 00211 (30.6%) | loss: 3.347374 | lrm: 1.00 | dt: 459ms | tok/sec: 570,866 | mfu: 20.9% | epoch: 1 | remaining: 208s    
step 00212 (30.7%) | loss: 3.344546 | lrm: 1.00 | dt: 460ms | tok/sec: 569,796 | mfu: 20.8% | epoch: 1 | remaining: 207s    
step 00213 (30.9%) | loss: 3.346939 | lrm: 1.00 | dt: 460ms | tok/sec: 569,304 | mfu: 20.8% | epoch: 1 | remaining: 207s    
step 00214 (31.0%) | loss: 3.344948 | lrm: 1.00 | dt: 458ms | tok/sec: 572,130 | mfu: 20.9% | epoch: 1 | remaining: 206s    
step 00215 (31.2%) | loss: 3.341761 | lrm: 1.00 | dt: 462ms | tok/sec: 567,812 | mfu: 20.8% | epoch: 1 | remaining: 206s    
step 00216 (31.3%) | loss: 3.342529 | lrm: 1.00 | dt: 458ms | tok/sec: 572,351 | mfu: 20.9% | epoch: 1 | remaining: 206s    
step 00217 (31.5%) | loss: 3.343555 | lrm: 1.00 | dt: 460ms | tok/sec: 569,708 | mfu: 20.8% | epoch: 1 | remaining: 205s    
step 00218 (31.6%) | loss: 3.344132 | lrm: 1.00 | dt: 461ms | tok/sec: 569,099 | mfu: 20.8% | epoch: 1 | remaining: 205s    
step 00219 (31.8%) | loss: 3.338862 | lrm: 1.00 | dt: 459ms | tok/sec: 571,019 | mfu: 20.9% | epoch: 1 | remaining: 204s    
step 00220 (31.9%) | loss: 3.338893 | lrm: 1.00 | dt: 461ms | tok/sec: 568,281 | mfu: 20.8% | epoch: 1 | remaining: 204s    
step 00221 (32.1%) | loss: 3.339130 | lrm: 1.00 | dt: 459ms | tok/sec: 570,508 | mfu: 20.9% | epoch: 1 | remaining: 203s    
step 00222 (32.2%) | loss: 3.336444 | lrm: 1.00 | dt: 461ms | tok/sec: 569,057 | mfu: 20.8% | epoch: 1 | remaining: 203s    
step 00223 (32.4%) | loss: 3.338516 | lrm: 1.00 | dt: 461ms | tok/sec: 568,877 | mfu: 20.8% | epoch: 1 | remaining: 202s    
step 00224 (32.6%) | loss: 3.342898 | lrm: 1.00 | dt: 457ms | tok/sec: 573,315 | mfu: 21.0% | epoch: 1 | remaining: 202s    
step 00225 (32.7%) | loss: 3.343833 | lrm: 1.00 | dt: 461ms | tok/sec: 568,943 | mfu: 20.8% | epoch: 1 | remaining: 201s    
step 00226 (32.9%) | loss: 3.343432 | lrm: 1.00 | dt: 459ms | tok/sec: 570,555 | mfu: 20.9% | epoch: 1 | remaining: 201s    
step 00227 (33.0%) | loss: 3.339125 | lrm: 1.00 | dt: 460ms | tok/sec: 569,886 | mfu: 20.8% | epoch: 1 | remaining: 200s    
step 00228 (33.2%) | loss: 3.341965 | lrm: 1.00 | dt: 460ms | tok/sec: 569,366 | mfu: 20.8% | epoch: 1 | remaining: 200s    
step 00229 (33.3%) | loss: 3.337051 | lrm: 1.00 | dt: 459ms | tok/sec: 570,991 | mfu: 20.9% | epoch: 1 | remaining: 200s    
step 00230 (33.5%) | loss: 3.342704 | lrm: 1.00 | dt: 462ms | tok/sec: 567,767 | mfu: 20.8% | epoch: 1 | remaining: 199s    
step 00231 (33.6%) | loss: 3.344042 | lrm: 1.00 | dt: 458ms | tok/sec: 572,424 | mfu: 20.9% | epoch: 1 | remaining: 199s    
step 00232 (33.8%) | loss: 3.342967 | lrm: 1.00 | dt: 460ms | tok/sec: 569,590 | mfu: 20.8% | epoch: 1 | remaining: 198s    
step 00233 (33.9%) | loss: 3.340525 | lrm: 1.00 | dt: 461ms | tok/sec: 568,825 | mfu: 20.8% | epoch: 1 | remaining: 198s    
step 00234 (34.1%) | loss: 3.335799 | lrm: 1.00 | dt: 458ms | tok/sec: 572,694 | mfu: 20.9% | epoch: 1 | remaining: 197s    
step 00235 (34.2%) | loss: 3.337944 | lrm: 1.00 | dt: 463ms | tok/sec: 566,324 | mfu: 20.7% | epoch: 1 | remaining: 197s    
step 00236 (34.4%) | loss: 3.340740 | lrm: 1.00 | dt: 457ms | tok/sec: 573,361 | mfu: 21.0% | epoch: 1 | remaining: 196s    
step 00237 (34.5%) | loss: 3.340229 | lrm: 1.00 | dt: 462ms | tok/sec: 567,993 | mfu: 20.8% | epoch: 1 | remaining: 196s    
step 00238 (34.7%) | loss: 3.335070 | lrm: 1.00 | dt: 460ms | tok/sec: 569,416 | mfu: 20.8% | epoch: 1 | remaining: 195s    
step 00239 (34.9%) | loss: 3.332201 | lrm: 1.00 | dt: 460ms | tok/sec: 570,322 | mfu: 20.9% | epoch: 1 | remaining: 195s    
step 00240 (35.0%) | loss: 3.332175 | lrm: 1.00 | dt: 461ms | tok/sec: 568,090 | mfu: 20.8% | epoch: 1 | remaining: 195s    
step 00241 (35.2%) | loss: 3.331630 | lrm: 1.00 | dt: 458ms | tok/sec: 572,839 | mfu: 20.9% | epoch: 1 | remaining: 194s    
step 00242 (35.3%) | loss: 3.332852 | lrm: 1.00 | dt: 460ms | tok/sec: 569,730 | mfu: 20.8% | epoch: 1 | remaining: 194s    
step 00243 (35.5%) | loss: 3.327797 | lrm: 1.00 | dt: 462ms | tok/sec: 567,925 | mfu: 20.8% | epoch: 1 | remaining: 193s    
step 00244 (35.6%) | loss: 3.317871 | lrm: 1.00 | dt: 458ms | tok/sec: 572,190 | mfu: 20.9% | epoch: 1 | remaining: 193s    
step 00245 (35.8%) | loss: 3.311633 | lrm: 1.00 | dt: 461ms | tok/sec: 568,285 | mfu: 20.8% | epoch: 1 | remaining: 192s    
step 00246 (35.9%) | loss: 3.309898 | lrm: 1.00 | dt: 458ms | tok/sec: 572,109 | mfu: 20.9% | epoch: 1 | remaining: 192s    
step 00247 (36.1%) | loss: 3.309804 | lrm: 1.00 | dt: 461ms | tok/sec: 569,021 | mfu: 20.8% | epoch: 1 | remaining: 191s    
step 00248 (36.2%) | loss: 3.308992 | lrm: 1.00 | dt: 461ms | tok/sec: 569,157 | mfu: 20.8% | epoch: 1 | remaining: 191s    
step 00249 (36.4%) | loss: 3.311574 | lrm: 1.00 | dt: 458ms | tok/sec: 571,790 | mfu: 20.9% | epoch: 1 | remaining: 190s    
step 00250 (36.5%) | loss: 3.311592 | lrm: 1.00 | dt: 463ms | tok/sec: 566,795 | mfu: 20.7% | epoch: 1 | remaining: 190s    
step 00251 (36.7%) | loss: 3.311544 | lrm: 1.00 | dt: 457ms | tok/sec: 573,426 | mfu: 21.0% | epoch: 1 | remaining: 189s    
step 00252 (36.8%) | loss: 3.306433 | lrm: 1.00 | dt: 461ms | tok/sec: 568,322 | mfu: 20.8% | epoch: 1 | remaining: 189s    
step 00253 (37.0%) | loss: 3.305104 | lrm: 1.00 | dt: 461ms | tok/sec: 568,971 | mfu: 20.8% | epoch: 1 | remaining: 189s    
step 00254 (37.2%) | loss: 3.301967 | lrm: 1.00 | dt: 459ms | tok/sec: 571,374 | mfu: 20.9% | epoch: 1 | remaining: 188s    
step 00255 (37.3%) | loss: 3.305137 | lrm: 1.00 | dt: 458ms | tok/sec: 571,749 | mfu: 20.9% | epoch: 1 | remaining: 188s    
step 00256 (37.5%) | loss: 3.299035 | lrm: 1.00 | dt: 460ms | tok/sec: 570,078 | mfu: 20.8% | epoch: 1 | remaining: 187s    
step 00257 (37.6%) | loss: 3.296657 | lrm: 1.00 | dt: 459ms | tok/sec: 571,655 | mfu: 20.9% | epoch: 1 | remaining: 187s    
step 00258 (37.8%) | loss: 3.297845 | lrm: 1.00 | dt: 461ms | tok/sec: 568,489 | mfu: 20.8% | epoch: 1 | remaining: 186s    
step 00259 (37.9%) | loss: 3.294266 | lrm: 1.00 | dt: 459ms | tok/sec: 571,538 | mfu: 20.9% | epoch: 1 | remaining: 186s    
step 00260 (38.1%) | loss: 3.290920 | lrm: 1.00 | dt: 460ms | tok/sec: 569,471 | mfu: 20.8% | epoch: 1 | remaining: 185s    
step 00261 (38.2%) | loss: 3.290030 | lrm: 1.00 | dt: 460ms | tok/sec: 569,589 | mfu: 20.8% | epoch: 1 | remaining: 185s    
step 00262 (38.4%) | loss: 3.290722 | lrm: 1.00 | dt: 458ms | tok/sec: 572,640 | mfu: 20.9% | epoch: 1 | remaining: 184s    
step 00263 (38.5%) | loss: 3.289393 | lrm: 1.00 | dt: 459ms | tok/sec: 571,666 | mfu: 20.9% | epoch: 1 | remaining: 184s    
step 00264 (38.7%) | loss: 3.287331 | lrm: 1.00 | dt: 453ms | tok/sec: 578,086 | mfu: 21.1% | epoch: 1 | remaining: 183s    
step 00265 (38.8%) | loss: 3.286522 | lrm: 1.00 | dt: 455ms | tok/sec: 576,103 | mfu: 21.1% | epoch: 1 | remaining: 183s    
step 00266 (39.0%) | loss: 3.284346 | lrm: 1.00 | dt: 454ms | tok/sec: 577,123 | mfu: 21.1% | epoch: 1 | remaining: 183s    
step 00267 (39.1%) | loss: 3.282874 | lrm: 1.00 | dt: 461ms | tok/sec: 568,265 | mfu: 20.8% | epoch: 1 | remaining: 182s    
step 00268 (39.3%) | loss: 3.286518 | lrm: 1.00 | dt: 459ms | tok/sec: 570,670 | mfu: 20.9% | epoch: 1 | remaining: 182s    
step 00269 (39.4%) | loss: 3.284305 | lrm: 1.00 | dt: 459ms | tok/sec: 570,679 | mfu: 20.9% | epoch: 1 | remaining: 181s    
step 00270 (39.6%) | loss: 3.278236 | lrm: 1.00 | dt: 462ms | tok/sec: 567,794 | mfu: 20.8% | epoch: 1 | remaining: 181s    
step 00271 (39.8%) | loss: 3.280196 | lrm: 1.00 | dt: 457ms | tok/sec: 573,095 | mfu: 21.0% | epoch: 1 | remaining: 180s    
step 00272 (39.9%) | loss: 3.277016 | lrm: 1.00 | dt: 462ms | tok/sec: 566,851 | mfu: 20.7% | epoch: 1 | remaining: 180s    
step 00273 (40.1%) | loss: 3.273954 | lrm: 1.00 | dt: 458ms | tok/sec: 572,030 | mfu: 20.9% | epoch: 1 | remaining: 179s    
step 00274 (40.2%) | loss: 3.268872 | lrm: 1.00 | dt: 460ms | tok/sec: 570,304 | mfu: 20.9% | epoch: 1 | remaining: 179s    
step 00275 (40.4%) | loss: 3.270618 | lrm: 0.99 | dt: 461ms | tok/sec: 568,659 | mfu: 20.8% | epoch: 1 | remaining: 178s    
step 00276 (40.5%) | loss: 3.269553 | lrm: 0.99 | dt: 459ms | tok/sec: 570,929 | mfu: 20.9% | epoch: 1 | remaining: 178s    
step 00277 (40.7%) | loss: 3.264440 | lrm: 0.99 | dt: 460ms | tok/sec: 570,452 | mfu: 20.9% | epoch: 1 | remaining: 178s    
step 00278 (40.8%) | loss: 3.268801 | lrm: 0.99 | dt: 460ms | tok/sec: 569,319 | mfu: 20.8% | epoch: 1 | remaining: 177s    
step 00279 (41.0%) | loss: 3.262975 | lrm: 0.98 | dt: 460ms | tok/sec: 570,186 | mfu: 20.8% | epoch: 1 | remaining: 177s    
step 00280 (41.1%) | loss: 3.256150 | lrm: 0.98 | dt: 461ms | tok/sec: 568,829 | mfu: 20.8% | epoch: 1 | remaining: 176s    
step 00281 (41.3%) | loss: 3.254666 | lrm: 0.98 | dt: 459ms | tok/sec: 571,681 | mfu: 20.9% | epoch: 1 | remaining: 176s    
step 00282 (41.4%) | loss: 3.250604 | lrm: 0.98 | dt: 462ms | tok/sec: 567,824 | mfu: 20.8% | epoch: 1 | remaining: 175s    
step 00283 (41.6%) | loss: 3.249244 | lrm: 0.97 | dt: 459ms | tok/sec: 571,114 | mfu: 20.9% | epoch: 1 | remaining: 175s    
step 00284 (41.7%) | loss: 3.249198 | lrm: 0.97 | dt: 460ms | tok/sec: 570,413 | mfu: 20.9% | epoch: 1 | remaining: 174s    
step 00285 (41.9%) | loss: 3.250692 | lrm: 0.97 | dt: 460ms | tok/sec: 569,265 | mfu: 20.8% | epoch: 1 | remaining: 174s    
step 00286 (42.1%) | loss: 3.250516 | lrm: 0.97 | dt: 459ms | tok/sec: 570,752 | mfu: 20.9% | epoch: 1 | remaining: 173s    
step 00287 (42.2%) | loss: 3.251439 | lrm: 0.97 | dt: 460ms | tok/sec: 569,891 | mfu: 20.8% | epoch: 1 | remaining: 173s    
step 00288 (42.4%) | loss: 3.248134 | lrm: 0.96 | dt: 460ms | tok/sec: 569,812 | mfu: 20.8% | epoch: 1 | remaining: 172s    
step 00289 (42.5%) | loss: 3.245931 | lrm: 0.96 | dt: 460ms | tok/sec: 569,270 | mfu: 20.8% | epoch: 1 | remaining: 172s    
step 00290 (42.7%) | loss: 3.252575 | lrm: 0.96 | dt: 460ms | tok/sec: 569,576 | mfu: 20.8% | epoch: 1 | remaining: 172s    
step 00291 (42.8%) | loss: 3.252329 | lrm: 0.96 | dt: 458ms | tok/sec: 572,239 | mfu: 20.9% | epoch: 1 | remaining: 171s    
step 00292 (43.0%) | loss: 3.249839 | lrm: 0.95 | dt: 461ms | tok/sec: 568,195 | mfu: 20.8% | epoch: 1 | remaining: 171s    
step 00293 (43.1%) | loss: 3.250050 | lrm: 0.95 | dt: 459ms | tok/sec: 570,778 | mfu: 20.9% | epoch: 1 | remaining: 170s    
step 00294 (43.3%) | loss: 3.248042 | lrm: 0.95 | dt: 457ms | tok/sec: 573,965 | mfu: 21.0% | epoch: 1 | remaining: 170s    
step 00295 (43.4%) | loss: 3.250924 | lrm: 0.95 | dt: 452ms | tok/sec: 579,990 | mfu: 21.2% | epoch: 1 | remaining: 169s    
step 00296 (43.6%) | loss: 3.252380 | lrm: 0.94 | dt: 454ms | tok/sec: 578,030 | mfu: 21.1% | epoch: 1 | remaining: 169s    
step 00297 (43.7%) | loss: 3.255004 | lrm: 0.94 | dt: 460ms | tok/sec: 569,548 | mfu: 20.8% | epoch: 1 | remaining: 168s    
step 00298 (43.9%) | loss: 3.249922 | lrm: 0.94 | dt: 457ms | tok/sec: 574,109 | mfu: 21.0% | epoch: 1 | remaining: 168s    
step 00299 (44.0%) | loss: 3.249657 | lrm: 0.94 | dt: 458ms | tok/sec: 572,609 | mfu: 20.9% | epoch: 1 | remaining: 167s    
step 00300 (44.2%) | loss: 3.241140 | lrm: 0.93 | dt: 462ms | tok/sec: 567,625 | mfu: 20.8% | epoch: 1 | remaining: 167s    
step 00301 (44.3%) | loss: 3.236361 | lrm: 0.93 | dt: 458ms | tok/sec: 572,799 | mfu: 20.9% | epoch: 1 | remaining: 167s    
step 00302 (44.5%) | loss: 3.235467 | lrm: 0.93 | dt: 463ms | tok/sec: 566,041 | mfu: 20.7% | epoch: 1 | remaining: 166s    
step 00303 (44.7%) | loss: 3.235612 | lrm: 0.93 | dt: 458ms | tok/sec: 572,412 | mfu: 20.9% | epoch: 1 | remaining: 166s    
step 00304 (44.8%) | loss: 3.236186 | lrm: 0.92 | dt: 461ms | tok/sec: 568,516 | mfu: 20.8% | epoch: 1 | remaining: 165s    
step 00305 (45.0%) | loss: 3.234673 | lrm: 0.92 | dt: 461ms | tok/sec: 568,703 | mfu: 20.8% | epoch: 1 | remaining: 165s    
step 00306 (45.1%) | loss: 3.231722 | lrm: 0.92 | dt: 460ms | tok/sec: 569,901 | mfu: 20.8% | epoch: 1 | remaining: 164s    
step 00307 (45.3%) | loss: 3.232038 | lrm: 0.92 | dt: 461ms | tok/sec: 568,083 | mfu: 20.8% | epoch: 1 | remaining: 164s    
step 00308 (45.4%) | loss: 3.236547 | lrm: 0.91 | dt: 458ms | tok/sec: 572,733 | mfu: 20.9% | epoch: 1 | remaining: 163s    
step 00309 (45.6%) | loss: 3.236821 | lrm: 0.91 | dt: 461ms | tok/sec: 568,692 | mfu: 20.8% | epoch: 1 | remaining: 163s    
step 00310 (45.7%) | loss: 3.237011 | lrm: 0.91 | dt: 460ms | tok/sec: 570,145 | mfu: 20.8% | epoch: 1 | remaining: 162s    
step 00311 (45.9%) | loss: 3.232960 | lrm: 0.91 | dt: 460ms | tok/sec: 569,950 | mfu: 20.8% | epoch: 1 | remaining: 162s    
step 00312 (46.0%) | loss: 3.229610 | lrm: 0.90 | dt: 461ms | tok/sec: 569,011 | mfu: 20.8% | epoch: 1 | remaining: 161s    
step 00313 (46.2%) | loss: 3.226340 | lrm: 0.90 | dt: 458ms | tok/sec: 572,956 | mfu: 20.9% | epoch: 1 | remaining: 161s    
step 00314 (46.3%) | loss: 3.222245 | lrm: 0.90 | dt: 462ms | tok/sec: 567,839 | mfu: 20.8% | epoch: 1 | remaining: 161s    
step 00315 (46.5%) | loss: 3.221985 | lrm: 0.90 | dt: 459ms | tok/sec: 570,711 | mfu: 20.9% | epoch: 1 | remaining: 160s    
step 00316 (46.6%) | loss: 3.218293 | lrm: 0.89 | dt: 461ms | tok/sec: 569,186 | mfu: 20.8% | epoch: 1 | remaining: 160s    
step 00317 (46.8%) | loss: 3.217315 | lrm: 0.89 | dt: 460ms | tok/sec: 570,024 | mfu: 20.8% | epoch: 1 | remaining: 159s    
step 00318 (47.0%) | loss: 3.217452 | lrm: 0.89 | dt: 459ms | tok/sec: 571,244 | mfu: 20.9% | epoch: 1 | remaining: 159s    
step 00319 (47.1%) | loss: 3.214757 | lrm: 0.89 | dt: 462ms | tok/sec: 567,788 | mfu: 20.8% | epoch: 1 | remaining: 158s    
step 00320 (47.3%) | loss: 3.210034 | lrm: 0.89 | dt: 459ms | tok/sec: 571,468 | mfu: 20.9% | epoch: 1 | remaining: 158s    
step 00321 (47.4%) | loss: 3.206026 | lrm: 0.88 | dt: 459ms | tok/sec: 570,577 | mfu: 20.9% | epoch: 1 | remaining: 157s    
step 00322 (47.6%) | loss: 3.207245 | lrm: 0.88 | dt: 461ms | tok/sec: 568,620 | mfu: 20.8% | epoch: 1 | remaining: 157s    
step 00323 (47.7%) | loss: 3.204447 | lrm: 0.88 | dt: 459ms | tok/sec: 571,214 | mfu: 20.9% | epoch: 1 | remaining: 156s    
step 00324 (47.9%) | loss: 3.203893 | lrm: 0.88 | dt: 461ms | tok/sec: 568,916 | mfu: 20.8% | epoch: 1 | remaining: 156s    
step 00325 (48.0%) | loss: 3.201828 | lrm: 0.87 | dt: 459ms | tok/sec: 571,125 | mfu: 20.9% | epoch: 1 | remaining: 155s    
step 00326 (48.2%) | loss: 3.204800 | lrm: 0.87 | dt: 459ms | tok/sec: 571,737 | mfu: 20.9% | epoch: 1 | remaining: 155s    
step 00327 (48.3%) | loss: 3.201383 | lrm: 0.87 | dt: 460ms | tok/sec: 569,863 | mfu: 20.8% | epoch: 1 | remaining: 155s    
step 00328 (48.5%) | loss: 3.197890 | lrm: 0.87 | dt: 461ms | tok/sec: 568,630 | mfu: 20.8% | epoch: 1 | remaining: 154s    
step 00329 (48.6%) | loss: 3.197505 | lrm: 0.86 | dt: 462ms | tok/sec: 567,691 | mfu: 20.8% | epoch: 1 | remaining: 154s    
step 00330 (48.8%) | loss: 3.198330 | lrm: 0.86 | dt: 459ms | tok/sec: 570,728 | mfu: 20.9% | epoch: 1 | remaining: 153s    
step 00331 (48.9%) | loss: 3.194155 | lrm: 0.86 | dt: 460ms | tok/sec: 569,582 | mfu: 20.8% | epoch: 1 | remaining: 153s    
step 00332 (49.1%) | loss: 3.194112 | lrm: 0.86 | dt: 459ms | tok/sec: 570,555 | mfu: 20.9% | epoch: 1 | remaining: 152s    
step 00333 (49.3%) | loss: 3.192078 | lrm: 0.85 | dt: 460ms | tok/sec: 569,738 | mfu: 20.8% | epoch: 1 | remaining: 152s    
step 00334 (49.4%) | loss: 3.190173 | lrm: 0.85 | dt: 461ms | tok/sec: 568,443 | mfu: 20.8% | epoch: 1 | remaining: 151s    
step 00335 (49.6%) | loss: 3.189199 | lrm: 0.85 | dt: 458ms | tok/sec: 572,111 | mfu: 20.9% | epoch: 1 | remaining: 151s    
step 00336 (49.7%) | loss: 3.187203 | lrm: 0.85 | dt: 460ms | tok/sec: 569,397 | mfu: 20.8% | epoch: 1 | remaining: 150s    
step 00337 (49.9%) | loss: 3.188671 | lrm: 0.84 | dt: 460ms | tok/sec: 569,581 | mfu: 20.8% | epoch: 1 | remaining: 150s    
step 00338 (50.0%) | loss: 3.187981 | lrm: 0.84 | dt: 459ms | tok/sec: 571,539 | mfu: 20.9% | epoch: 1 | remaining: 149s    
step 00339 (50.2%) | loss: 3.193489 | lrm: 0.84 | dt: 461ms | tok/sec: 568,178 | mfu: 20.8% | epoch: 1 | remaining: 149s    
step 00340 (50.3%) | loss: 3.189156 | lrm: 0.84 | dt: 459ms | tok/sec: 570,966 | mfu: 20.9% | epoch: 1 | remaining: 149s    
step 00341 (50.5%) | loss: 3.192348 | lrm: 0.83 | dt: 460ms | tok/sec: 570,280 | mfu: 20.8% | epoch: 1 | remaining: 148s    
step 00342 (50.6%) | loss: 3.185965 | lrm: 0.83 | dt: 461ms | tok/sec: 569,005 | mfu: 20.8% | epoch: 1 | remaining: 148s    
step 00343 (50.8%) | loss: 3.181841 | lrm: 0.83 | dt: 458ms | tok/sec: 572,279 | mfu: 20.9% | epoch: 1 | remaining: 147s    
step 00344 (50.9%) | loss: 3.181818 | lrm: 0.83 | dt: 461ms | tok/sec: 569,191 | mfu: 20.8% | epoch: 1 | remaining: 147s    
step 00345 (51.1%) | loss: 3.183950 | lrm: 0.82 | dt: 460ms | tok/sec: 569,622 | mfu: 20.8% | epoch: 1 | remaining: 146s    
step 00346 (51.2%) | loss: 3.183817 | lrm: 0.82 | dt: 459ms | tok/sec: 570,707 | mfu: 20.9% | epoch: 1 | remaining: 146s    
step 00347 (51.4%) | loss: 3.182341 | lrm: 0.82 | dt: 462ms | tok/sec: 568,002 | mfu: 20.8% | epoch: 1 | remaining: 145s    
step 00348 (51.6%) | loss: 3.179495 | lrm: 0.82 | dt: 458ms | tok/sec: 571,758 | mfu: 20.9% | epoch: 1 | remaining: 145s    
step 00349 (51.7%) | loss: 3.176711 | lrm: 0.81 | dt: 461ms | tok/sec: 569,018 | mfu: 20.8% | epoch: 1 | remaining: 144s    
step 00350 (51.9%) | loss: 3.176808 | lrm: 0.81 | dt: 460ms | tok/sec: 569,878 | mfu: 20.8% | epoch: 1 | remaining: 144s    
step 00351 (52.0%) | loss: 3.169846 | lrm: 0.81 | dt: 460ms | tok/sec: 569,610 | mfu: 20.8% | epoch: 1 | remaining: 144s    
step 00352 (52.2%) | loss: 3.167197 | lrm: 0.81 | dt: 460ms | tok/sec: 569,346 | mfu: 20.8% | epoch: 1 | remaining: 143s    
step 00353 (52.3%) | loss: 3.171880 | lrm: 0.80 | dt: 458ms | tok/sec: 572,195 | mfu: 20.9% | epoch: 1 | remaining: 143s    
step 00354 (52.5%) | loss: 3.170826 | lrm: 0.80 | dt: 462ms | tok/sec: 567,691 | mfu: 20.8% | epoch: 1 | remaining: 142s    
step 00355 (52.6%) | loss: 3.161773 | lrm: 0.80 | dt: 460ms | tok/sec: 569,562 | mfu: 20.8% | epoch: 1 | remaining: 142s    
step 00356 (52.8%) | loss: 3.160974 | lrm: 0.80 | dt: 460ms | tok/sec: 570,174 | mfu: 20.8% | epoch: 1 | remaining: 141s    
step 00357 (52.9%) | loss: 3.159434 | lrm: 0.80 | dt: 460ms | tok/sec: 570,020 | mfu: 20.8% | epoch: 1 | remaining: 141s    
step 00358 (53.1%) | loss: 3.161285 | lrm: 0.79 | dt: 458ms | tok/sec: 571,760 | mfu: 20.9% | epoch: 1 | remaining: 140s    
step 00359 (53.2%) | loss: 3.159461 | lrm: 0.79 | dt: 461ms | tok/sec: 568,201 | mfu: 20.8% | epoch: 1 | remaining: 140s    
step 00360 (53.4%) | loss: 3.157124 | lrm: 0.79 | dt: 460ms | tok/sec: 570,218 | mfu: 20.8% | epoch: 1 | remaining: 139s    
step 00361 (53.5%) | loss: 3.149029 | lrm: 0.79 | dt: 460ms | tok/sec: 569,720 | mfu: 20.8% | epoch: 1 | remaining: 139s    
step 00362 (53.7%) | loss: 3.149540 | lrm: 0.78 | dt: 460ms | tok/sec: 569,530 | mfu: 20.8% | epoch: 1 | remaining: 138s    
step 00363 (53.9%) | loss: 3.145443 | lrm: 0.78 | dt: 458ms | tok/sec: 571,951 | mfu: 20.9% | epoch: 1 | remaining: 138s    
step 00364 (54.0%) | loss: 3.142556 | lrm: 0.78 | dt: 461ms | tok/sec: 568,303 | mfu: 20.8% | epoch: 1 | remaining: 138s    
step 00365 (54.2%) | loss: 3.143390 | lrm: 0.78 | dt: 459ms | tok/sec: 571,533 | mfu: 20.9% | epoch: 1 | remaining: 137s    
step 00366 (54.3%) | loss: 3.136929 | lrm: 0.77 | dt: 460ms | tok/sec: 569,353 | mfu: 20.8% | epoch: 1 | remaining: 137s    
step 00367 (54.5%) | loss: 3.137280 | lrm: 0.77 | dt: 460ms | tok/sec: 570,087 | mfu: 20.8% | epoch: 1 | remaining: 136s    
step 00368 (54.6%) | loss: 3.131842 | lrm: 0.77 | dt: 459ms | tok/sec: 570,773 | mfu: 20.9% | epoch: 1 | remaining: 136s    
step 00369 (54.8%) | loss: 3.125443 | lrm: 0.77 | dt: 462ms | tok/sec: 568,004 | mfu: 20.8% | epoch: 1 | remaining: 135s    
step 00370 (54.9%) | loss: 3.126563 | lrm: 0.76 | dt: 460ms | tok/sec: 570,022 | mfu: 20.8% | epoch: 1 | remaining: 135s    
step 00371 (55.1%) | loss: 3.129770 | lrm: 0.76 | dt: 459ms | tok/sec: 570,676 | mfu: 20.9% | epoch: 1 | remaining: 134s    
step 00372 (55.2%) | loss: 3.127237 | lrm: 0.76 | dt: 460ms | tok/sec: 569,761 | mfu: 20.8% | epoch: 1 | remaining: 134s    
step 00373 (55.4%) | loss: 3.126318 | lrm: 0.76 | dt: 459ms | tok/sec: 571,534 | mfu: 20.9% | epoch: 1 | remaining: 133s    
step 00374 (55.5%) | loss: 3.122350 | lrm: 0.75 | dt: 462ms | tok/sec: 567,992 | mfu: 20.8% | epoch: 1 | remaining: 133s    
step 00375 (55.7%) | loss: 3.119294 | lrm: 0.75 | dt: 459ms | tok/sec: 570,971 | mfu: 20.9% | epoch: 1 | remaining: 132s    
step 00376 (55.8%) | loss: 3.117620 | lrm: 0.75 | dt: 460ms | tok/sec: 569,813 | mfu: 20.8% | epoch: 1 | remaining: 132s    
step 00377 (56.0%) | loss: 3.113301 | lrm: 0.75 | dt: 461ms | tok/sec: 569,140 | mfu: 20.8% | epoch: 1 | remaining: 132s    
step 00378 (56.2%) | loss: 3.114992 | lrm: 0.74 | dt: 459ms | tok/sec: 571,179 | mfu: 20.9% | epoch: 1 | remaining: 131s    
step 00379 (56.3%) | loss: 3.121300 | lrm: 0.74 | dt: 461ms | tok/sec: 568,178 | mfu: 20.8% | epoch: 1 | remaining: 131s    
step 00380 (56.5%) | loss: 3.120309 | lrm: 0.74 | dt: 459ms | tok/sec: 570,877 | mfu: 20.9% | epoch: 1 | remaining: 130s    
step 00381 (56.6%) | loss: 3.122460 | lrm: 0.74 | dt: 460ms | tok/sec: 569,398 | mfu: 20.8% | epoch: 1 | remaining: 130s    
step 00382 (56.8%) | loss: 3.123001 | lrm: 0.73 | dt: 461ms | tok/sec: 569,094 | mfu: 20.8% | epoch: 1 | remaining: 129s    
step 00383 (56.9%) | loss: 3.123397 | lrm: 0.73 | dt: 458ms | tok/sec: 572,885 | mfu: 20.9% | epoch: 1 | remaining: 129s    
step 00384 (57.1%) | loss: 3.124137 | lrm: 0.73 | dt: 461ms | tok/sec: 568,360 | mfu: 20.8% | epoch: 1 | remaining: 128s    
step 00385 (57.2%) | loss: 3.123106 | lrm: 0.73 | dt: 459ms | tok/sec: 571,041 | mfu: 20.9% | epoch: 1 | remaining: 128s    
step 00386 (57.4%) | loss: 3.117457 | lrm: 0.72 | dt: 461ms | tok/sec: 568,184 | mfu: 20.8% | epoch: 1 | remaining: 127s    
step 00387 (57.5%) | loss: 3.117771 | lrm: 0.72 | dt: 460ms | tok/sec: 570,420 | mfu: 20.9% | epoch: 1 | remaining: 127s    
step 00388 (57.7%) | loss: 3.113382 | lrm: 0.72 | dt: 459ms | tok/sec: 570,692 | mfu: 20.9% | epoch: 1 | remaining: 126s    
step 00389 (57.8%) | loss: 3.107609 | lrm: 0.72 | dt: 462ms | tok/sec: 568,004 | mfu: 20.8% | epoch: 1 | remaining: 126s    
step 00390 (58.0%) | loss: 3.109494 | lrm: 0.72 | dt: 458ms | tok/sec: 572,611 | mfu: 20.9% | epoch: 1 | remaining: 126s    
step 00391 (58.1%) | loss: 3.109755 | lrm: 0.71 | dt: 462ms | tok/sec: 568,004 | mfu: 20.8% | epoch: 1 | remaining: 125s    
step 00392 (58.3%) | loss: 3.107978 | lrm: 0.71 | dt: 460ms | tok/sec: 570,343 | mfu: 20.9% | epoch: 1 | remaining: 125s    
step 00393 (58.5%) | loss: 3.109718 | lrm: 0.71 | dt: 459ms | tok/sec: 571,496 | mfu: 20.9% | epoch: 1 | remaining: 124s    
step 00394 (58.6%) | loss: 3.108368 | lrm: 0.71 | dt: 461ms | tok/sec: 568,100 | mfu: 20.8% | epoch: 1 | remaining: 124s    
step 00395 (58.8%) | loss: 3.107908 | lrm: 0.70 | dt: 459ms | tok/sec: 570,900 | mfu: 20.9% | epoch: 1 | remaining: 123s    
step 00396 (58.9%) | loss: 3.109932 | lrm: 0.70 | dt: 460ms | tok/sec: 569,335 | mfu: 20.8% | epoch: 1 | remaining: 123s    
step 00397 (59.1%) | loss: 3.101129 | lrm: 0.70 | dt: 460ms | tok/sec: 570,275 | mfu: 20.8% | epoch: 1 | remaining: 122s    
step 00398 (59.2%) | loss: 3.097811 | lrm: 0.70 | dt: 459ms | tok/sec: 571,159 | mfu: 20.9% | epoch: 1 | remaining: 122s    
step 00399 (59.4%) | loss: 3.096006 | lrm: 0.69 | dt: 461ms | tok/sec: 568,905 | mfu: 20.8% | epoch: 1 | remaining: 121s    
step 00400 (59.5%) | loss: 3.093685 | lrm: 0.69 | dt: 460ms | tok/sec: 569,472 | mfu: 20.8% | epoch: 1 | remaining: 121s    
step 00401 (59.7%) | loss: 3.092761 | lrm: 0.69 | dt: 459ms | tok/sec: 570,903 | mfu: 20.9% | epoch: 1 | remaining: 121s    
step 00402 (59.8%) | loss: 3.094072 | lrm: 0.69 | dt: 461ms | tok/sec: 568,493 | mfu: 20.8% | epoch: 1 | remaining: 120s    
step 00403 (60.0%) | loss: 3.093918 | lrm: 0.68 | dt: 458ms | tok/sec: 572,385 | mfu: 20.9% | epoch: 1 | remaining: 120s    
step 00404 (60.1%) | loss: 3.093044 | lrm: 0.68 | dt: 462ms | tok/sec: 567,269 | mfu: 20.7% | epoch: 1 | remaining: 119s    
step 00405 (60.3%) | loss: 3.094318 | lrm: 0.68 | dt: 459ms | tok/sec: 570,786 | mfu: 20.9% | epoch: 1 | remaining: 119s    
step 00406 (60.4%) | loss: 3.092177 | lrm: 0.68 | dt: 460ms | tok/sec: 569,661 | mfu: 20.8% | epoch: 1 | remaining: 118s    
step 00407 (60.6%) | loss: 3.090348 | lrm: 0.67 | dt: 460ms | tok/sec: 570,070 | mfu: 20.8% | epoch: 1 | remaining: 118s    
step 00408 (60.7%) | loss: 3.088526 | lrm: 0.67 | dt: 458ms | tok/sec: 572,189 | mfu: 20.9% | epoch: 1 | remaining: 117s    
step 00409 (60.9%) | loss: 3.085302 | lrm: 0.67 | dt: 461ms | tok/sec: 568,083 | mfu: 20.8% | epoch: 1 | remaining: 117s    
step 00410 (61.1%) | loss: 3.084146 | lrm: 0.67 | dt: 460ms | tok/sec: 570,257 | mfu: 20.8% | epoch: 1 | remaining: 116s    
step 00411 (61.2%) | loss: 3.075259 | lrm: 0.66 | dt: 460ms | tok/sec: 570,417 | mfu: 20.9% | epoch: 1 | remaining: 116s    
step 00412 (61.4%) | loss: 3.077018 | lrm: 0.66 | dt: 461ms | tok/sec: 568,527 | mfu: 20.8% | epoch: 1 | remaining: 115s    
step 00413 (61.5%) | loss: 3.075186 | lrm: 0.66 | dt: 457ms | tok/sec: 573,255 | mfu: 21.0% | epoch: 1 | remaining: 115s    
step 00414 (61.7%) | loss: 3.073794 | lrm: 0.66 | dt: 463ms | tok/sec: 566,720 | mfu: 20.7% | epoch: 1 | remaining: 115s    
step 00415 (61.8%) | loss: 3.072420 | lrm: 0.65 | dt: 459ms | tok/sec: 571,438 | mfu: 20.9% | epoch: 1 | remaining: 114s    
step 00416 (62.0%) | loss: 3.071625 | lrm: 0.65 | dt: 461ms | tok/sec: 568,744 | mfu: 20.8% | epoch: 1 | remaining: 114s    
step 00417 (62.1%) | loss: 3.072635 | lrm: 0.65 | dt: 459ms | tok/sec: 570,566 | mfu: 20.9% | epoch: 1 | remaining: 113s    
step 00418 (62.3%) | loss: 3.072191 | lrm: 0.65 | dt: 458ms | tok/sec: 571,773 | mfu: 20.9% | epoch: 1 | remaining: 113s    
step 00419 (62.4%) | loss: 3.069321 | lrm: 0.64 | dt: 462ms | tok/sec: 567,727 | mfu: 20.8% | epoch: 1 | remaining: 112s    
step 00420 (62.6%) | loss: 3.069907 | lrm: 0.64 | dt: 459ms | tok/sec: 570,617 | mfu: 20.9% | epoch: 1 | remaining: 112s    
step 00421 (62.7%) | loss: 3.064726 | lrm: 0.64 | dt: 460ms | tok/sec: 569,978 | mfu: 20.8% | epoch: 1 | remaining: 111s    
step 00422 (62.9%) | loss: 3.06